vivaldi:ingest raymond$ ./ingest.pl
84,47 UMa,c,,2594.0,90.0,d,11.1,1.1,d,0.0,0.12,d,127.0,
56.0,,11360.0,,500.0,,,,,,0.79,0.13,,3.79,0.24,,7.4,1.0,,90,Fi2 , Nf4,

Index 0 ==> 84
Index 1 ==> 47 UMa
Index 2 ==> c
Index 3 ==> 
Index 4 ==> 2594.0
Index 5 ==> 90.0
Index 6 ==> d
Index 7 ==> 11.1
Index 8 ==> 1.1
Index 9 ==> d
Index 10 ==> 0.0
Index 11 ==> 0.12
Index 12 ==> d
Index 13 ==> 127.0
Index 14 ==> 56.0
Index 15 ==> 
Index 16 ==> 11360.0
Index 17 ==> 
Index 18 ==> 500.0
Index 19 ==> 
Index 20 ==> 
Index 21 ==> 
Index 22 ==> 
Index 23 ==> 
Index 24 ==> 0.79
Index 25 ==> 0.13
Index 26 ==> 
Index 27 ==> 3.79
Index 28 ==> 0.24
Index 29 ==> 
Index 30 ==> 7.4
Index 31 ==> 1.0
Index 32 ==> 
Index 33 ==> 90
Index 34 ==> Fi2 
Index 35 ==>  Nf4
Index 36 ==> 

vivaldi:ingest raymond$ 

